android/app/build/intermediates/manifest_merge_blame_file/debug/manifest-merger-blame-debug-report.txt
1<?xml version="1.0" encoding="utf-8"?>
2<manifest xmlns:android="http://schemas.android.com/apk/res/android"
3    package="com.bookaroom"
4    android:versionCode="1"
5    android:versionName="1.0" >
6
7    <uses-sdk
8        android:minSdkVersion="16"
9        android:targetSdkVersion="29" />
10
11    <uses-permission android:name="android.permission.SYSTEM_ALERT_WINDOW" />
11-->src/debug/AndroidManifest.xml:5:5-77
11-->src/debug/AndroidManifest.xml:5:22-75
12    <uses-permission android:name="android.permission.INTERNET" />
12-->src/main/AndroidManifest.xml:4:5-67
12-->src/main/AndroidManifest.xml:4:22-64
13    <uses-permission android:name="android.permission.VIBRATE" />
13-->src/main/AndroidManifest.xml:5:5-65
13-->src/main/AndroidManifest.xml:5:22-63
14    <uses-permission android:name="android.permission.ACCESS_WIFI_STATE" />
14-->[com.facebook.flipper:flipper:0.33.1] AndroidManifest.xml:16:5-76
14-->[com.facebook.flipper:flipper:0.33.1] AndroidManifest.xml:16:22-73
15    <uses-permission android:name="android.permission.ACCESS_NETWORK_STATE" />
15-->[:react-native-community_netinfo] AndroidManifest.xml:9:5-79
15-->[:react-native-community_netinfo] AndroidManifest.xml:9:22-76
16    <uses-permission android:name="android.permission.CAMERA" />
16-->[:react-native-camera] AndroidManifest.xml:9:5-65
16-->[:react-native-camera] AndroidManifest.xml:9:22-62
17
18    <uses-feature
18-->[:react-native-camera] AndroidManifest.xml:11:5-13:36
19        android:name="android.hardware.camera"
19-->[:react-native-camera] AndroidManifest.xml:12:9-47
20        android:required="false" />
20-->[:react-native-camera] AndroidManifest.xml:13:9-33
21    <uses-feature
21-->[:react-native-camera] AndroidManifest.xml:14:5-16:36
22        android:name="android.hardware.camera.autofocus"
22-->[:react-native-camera] AndroidManifest.xml:15:9-57
23        android:required="false" />
23-->[:react-native-camera] AndroidManifest.xml:16:9-33
24
25    <application
25-->src/main/AndroidManifest.xml:7:5-26:19
26        android:name="com.bookaroom.MainApplication"
26-->src/main/AndroidManifest.xml:8:7-38
27        android:allowBackup="false"
27-->src/main/AndroidManifest.xml:12:7-34
28        android:appComponentFactory="androidx.core.app.CoreComponentFactory"
28-->[androidx.core:core:1.5.0-alpha01] AndroidManifest.xml:24:18-86
29        android:debuggable="true"
30        android:icon="@mipmap/ic_launcher"
30-->src/main/AndroidManifest.xml:10:7-41
31        android:label="@string/app_name"
31-->src/main/AndroidManifest.xml:9:7-39
32        android:roundIcon="@mipmap/ic_launcher_round"
32-->src/main/AndroidManifest.xml:11:7-52
33        android:theme="@style/AppTheme"
33-->src/main/AndroidManifest.xml:13:7-38
34        android:usesCleartextTraffic="true" >
34-->src/debug/AndroidManifest.xml:7:18-53
35        <activity
35-->src/main/AndroidManifest.xml:14:7-24:18
36            android:name="com.bookaroom.MainActivity"
36-->src/main/AndroidManifest.xml:15:9-37
37            android:configChanges="keyboard|keyboardHidden|orientation|screenSize|uiMode"
37-->src/main/AndroidManifest.xml:17:9-86
38            android:label="@string/app_name"
38-->src/main/AndroidManifest.xml:16:9-41
39            android:launchMode="singleTask"
39-->src/main/AndroidManifest.xml:18:9-40
40            android:windowSoftInputMode="adjustResize" >
40-->src/main/AndroidManifest.xml:19:9-51
41            <intent-filter>
41-->src/main/AndroidManifest.xml:20:9-23:25
42                <action android:name="android.intent.action.MAIN" />
42-->src/main/AndroidManifest.xml:21:13-65
42-->src/main/AndroidManifest.xml:21:21-62
43
44                <category android:name="android.intent.category.LAUNCHER" />
44-->src/main/AndroidManifest.xml:22:13-73
44-->src/main/AndroidManifest.xml:22:23-70
45            </intent-filter>
46        </activity>
47        <activity android:name="com.facebook.react.devsupport.DevSettingsActivity" />
47-->src/main/AndroidManifest.xml:25:7-84
47-->src/main/AndroidManifest.xml:25:17-81
48
49        <provider
49-->[:react-native-webview] AndroidManifest.xml:12:9-20:20
50            android:name="com.reactnativecommunity.webview.RNCWebViewFileProvider"
50-->[:react-native-webview] AndroidManifest.xml:13:13-83
51            android:authorities="com.bookaroom.fileprovider"
51-->[:react-native-webview] AndroidManifest.xml:14:13-64
52            android:exported="false"
52-->[:react-native-webview] AndroidManifest.xml:15:13-37
53            android:grantUriPermissions="true" >
53-->[:react-native-webview] AndroidManifest.xml:16:13-47
54            <meta-data
54-->[:react-native-webview] AndroidManifest.xml:17:13-19:63
55                android:name="android.support.FILE_PROVIDER_PATHS"
55-->[:react-native-webview] AndroidManifest.xml:18:17-67
56                android:resource="@xml/file_provider_paths" />
56-->[:react-native-webview] AndroidManifest.xml:19:17-60
57        </provider>
58
59        <activity
59-->[com.google.android.gms:play-services-base:15.0.1] AndroidManifest.xml:23:9-26:75
60            android:name="com.google.android.gms.common.api.GoogleApiActivity"
60-->[com.google.android.gms:play-services-base:15.0.1] AndroidManifest.xml:24:13-79
61            android:exported="false"
61-->[com.google.android.gms:play-services-base:15.0.1] AndroidManifest.xml:25:13-37
62            android:theme="@android:style/Theme.Translucent.NoTitleBar" />
62-->[com.google.android.gms:play-services-base:15.0.1] AndroidManifest.xml:26:13-72
63
64        <meta-data
64-->[com.google.android.gms:play-services-basement:15.0.1] AndroidManifest.xml:23:9-25:69
65            android:name="com.google.android.gms.version"
65-->[com.google.android.gms:play-services-basement:15.0.1] AndroidManifest.xml:24:13-58
66            android:value="@integer/google_play_services_version" />
66-->[com.google.android.gms:play-services-basement:15.0.1] AndroidManifest.xml:25:13-66
67    </application>
68
69</manifest>